{"logTime": "0604/042930", "correlationVector":"E57RxnjpX9GpsVp5/2Rk76.7","action":"ProcessGetUpdates", "result":"Done", "context":{"dataType":"Saved Tab Group", "deleted":"0", "process_failed_to_decrypt":"0", "process_pending_decryption":"0", "process_success":"3", "total":"3"}}
{"logTime": "0604/042930", "correlationVector":"E57RxnjpX9GpsVp5/2Rk76.8","action":"ProcessGetUpdates", "result":"Done", "context":{"dataType":"Edge Hub App Usage", "deleted":"0", "process_failed_to_decrypt":"0", "process_pending_decryption":"0", "process_success":"1", "total":"1"}}
{"logTime": "0604/042930", "correlationVector":"E57RxnjpX9GpsVp5/2Rk76.9","action":"ProcessGetUpdates", "result":"Done", "context":{"dataType":"Edge Workspace", "deleted":"0", "process_failed_to_decrypt":"0", "process_pending_decryption":"0", "process_success":"4", "total":"4"}}
{"logTime": "0604/042930", "correlationVector":"E57RxnjpX9GpsVp5/2Rk76.10","action":"GetUpdates Response", "result":"Success", "context":Received 204 update(s). cV=E57RxnjpX9GpsVp5/2Rk76.0;server=akswtt00100000z;cloudType=Consumer;environment=Prod_southeastasia_prod-s01-064-apac-southeastasia;migrationStage=NotStarted}
{"logTime": "0604/042930", "correlationVector":"/qr9wiYFxCY2okXd2KFatD","action":"Initial GetUpdates", "result":"", "context":Reason: NEWLY_SUPPORTED_DATATYPE. cV=/qr9wiYFxCY2okXd2KFatD}
{"logTime": "0604/042930", "correlationVector":"/qr9wiYFxCY2okXd2KFatD.1","action":"SyncServerConnectionManagerRequest", "result":"SYNC_SERVER_OK", "context":{"environment":"Prod_southeastasia_prod-s01-065-apac-southeastasia", "migrationStage":"NotStarted", "server":"akswtt001000001"}}
{"logTime": "0604/042930", "correlationVector":"/qr9wiYFxCY2okXd2KFatD.2","action":"ProcessGetUpdates", "result":"Done", "context":{"dataType":"History", "deleted":"0", "process_failed_to_decrypt":"0", "process_pending_decryption":"0", "process_success":"45", "total":"45"}}
{"logTime": "0604/042930", "correlationVector":"/qr9wiYFxCY2okXd2KFatD.3","action":"GetUpdates Response", "result":"Success", "context":Received 45 update(s). cV=/qr9wiYFxCY2okXd2KFatD.0;server=akswtt001000001;cloudType=Consumer;environment=Prod_southeastasia_prod-s01-065-apac-southeastasia;migrationStage=NotStarted}
{"logTime": "0604/042930", "correlationVector":"gASNfXAas5gmvxL2hhyPMJ","action":"Normal GetUpdate request", "result":"", "context":cV=gASNfXAas5gmvxL2hhyPMJ
Nudged types: Sessions, Device Info
Refresh requested types: Bookmarks, Preferences, Passwords, Autofill Profiles, Autofill, Extensions, Sessions, Extension settings, History Delete Directives, Device Info, User Consents, Send Tab To Self, Web Apps, History, Saved Tab Group, WebAuthn Credentials, Collection, Edge E Drop, Edge Hub App Usage, Edge Wallet, Edge Workspace, Encryption Keys}
{"logTime": "0604/042930", "correlationVector":"gASNfXAas5gmvxL2hhyPMJ.1","action":"SyncServerConnectionManagerRequest", "result":"SYNC_SERVER_OK", "context":{"environment":"Prod_southeastasia_prod-s01-065-apac-southeastasia", "migrationStage":"NotStarted", "server":"akswtt00100001h"}}
{"logTime": "0604/042930", "correlationVector":"gASNfXAas5gmvxL2hhyPMJ.2","action":"GetUpdates Response", "result":"Success", "context":Received 0 update(s). cV=gASNfXAas5gmvxL2hhyPMJ.0;server=akswtt00100001h;cloudType=Consumer;environment=Prod_southeastasia_prod-s01-065-apac-southeastasia;migrationStage=NotStarted}
{"logTime": "0604/042930", "correlationVector":"H5tDeeCmyK2IbnRm9kKwj2","action":"Commit Request", "result":"", "context":Item count: 8
Contributing types: Sessions, Device Info}
{"logTime": "0604/042931", "correlationVector":"H5tDeeCmyK2IbnRm9kKwj2.1","action":"SyncServerConnectionManagerRequest", "result":"SYNC_SERVER_OK", "context":{"environment":"Prod_southeastasia_prod-s01-065-apac-southeastasia", "migrationStage":"NotStarted", "server":"akswtt00100001q"}}
{"logTime": "0604/042931", "correlationVector":"H5tDeeCmyK2IbnRm9kKwj2.2","action":"Commit Response", "result":"Success", "context":Result: Success. cV=H5tDeeCmyK2IbnRm9kKwj2.0;server=akswtt00100001q;cloudType=Consumer;environment=Prod_southeastasia_prod-s01-065-apac-southeastasia;migrationStage=NotStarted}
{"logTime": "0604/043039", "correlationVector":"fls8uWKAaW3rtn0mwQykri.1","action":"SyncServerConnectionManagerRequest", "result":"SYNC_SERVER_OK", "context":{"environment":"Prod_southeastasia_prod-s01-065-apac-southeastasia", "migrationStage":"NotStarted", "server":"akswtt001000014"}}
{"logTime": "0604/043039", "correlationVector":"fls8uWKAaW3rtn0mwQykri.2","action":"ProcessGetUpdates", "result":"Done", "context":{"dataType":"Encryption Keys", "deleted":"0", "process_failed_to_decrypt":"0", "process_pending_decryption":"0", "process_success":"1", "total":"1"}}
{"logTime": "0604/043040", "correlationVector":"tZbi0ZM7enOlWSVTPk963E","action":"SyncServerConnectionManagerRequest", "result":"SYNC_SERVER_OK", "context":{"environment":"", "migrationStage":"", "server":""}}
{"logTime": "0604/043040", "correlationVector":"tZbi0ZM7enOlWSVTPk963E.0","action":"EncryptionKeysFetcher.DownloadKeys:", "result":"Success", "context":Key count: 3, Last key timestamp: 2026-01-13T16:27:18Z}
{"logTime": "0604/043040", "correlationVector":"tZbi0ZM7enOlWSVTPk963E.1","action":"EncryptionKeysManager::SetEncryptionKeys:", "result":"Success", "context":Key names[3]:[kAap4Dmh8L+fuJjrbxmhIUbMrINlbeOV0BppJ0ZcN3z+jQs5A4lRlJWE4kfi0GGue5YCerfNgtg0RyH38Z/7gA==][bK0Akd1Lio46hav9qngGvDurCEzmFb8C6N7GXq6N6YrHE5JXUspxF6K1rvySNRVnmCbK8IvrLlNl5NgjasiYwQ==][miXerPSZVDg7F77ol/766dYwzN6N4IEEsR12DCDm78zxHexNwBkJT6qikYeXTgZVqGf+oDag/Rj4Iu0ievx65w==]}
{"logTime": "0604/043040", "correlationVector":"tZbi0ZM7enOlWSVTPk963E.2","action":"EncryptionKeysManager::SetEncryptionKeysWithTimestamps:", "result":"Success", "context":Key timestamps[3]:[2024-07-21T12:02:03Z][2025-02-23T08:47:09Z][2026-01-13T16:27:18Z]}
{"logTime": "0604/043040", "correlationVector":"fls8uWKAaW3rtn0mwQykri","action":"Initial GetUpdates", "result":"", "context":Reason: NEW_CLIENT. cV=fls8uWKAaW3rtn0mwQykri}
{"logTime": "0604/043040", "correlationVector":"fls8uWKAaW3rtn0mwQykri.3","action":"GetUpdates Response", "result":"Success", "context":Received 1 update(s). cV=fls8uWKAaW3rtn0mwQykri.0;server=akswtt001000014;cloudType=Consumer;environment=Prod_southeastasia_prod-s01-065-apac-southeastasia;migrationStage=NotStarted}
{"logTime": "0604/043040", "correlationVector":"SgbTN1zlamcBOFvalDwW4U","action":"Initial GetUpdates", "result":"", "context":Reason: NEWLY_SUPPORTED_DATATYPE. cV=SgbTN1zlamcBOFvalDwW4U}
{"logTime": "0604/043040", "correlationVector":"SgbTN1zlamcBOFvalDwW4U.1","action":"SyncServerConnectionManagerRequest", "result":"SYNC_SERVER_OK", "context":{"environment":"Prod_southeastasia_prod-s01-065-apac-southeastasia", "migrationStage":"NotStarted", "server":"akswtt001000011"}}
{"logTime": "0604/043040", "correlationVector":"SgbTN1zlamcBOFvalDwW4U.2","action":"ProcessGetUpdates", "result":"Done", "context":{"dataType":"Passwords", "deleted":"0", "process_failed_to_decrypt":"0", "process_pending_decryption":"0", "process_success":"2", "total":"2"}}
{"logTime": "0604/043040", "correlationVector":"SgbTN1zlamcBOFvalDwW4U.3","action":"GetUpdates Response", "result":"Success", "context":Received 2 update(s). cV=SgbTN1zlamcBOFvalDwW4U.0;server=akswtt001000011;cloudType=Consumer;environment=Prod_southeastasia_prod-s01-065-apac-southeastasia;migrationStage=NotStarted}
{"logTime": "0604/043040", "correlationVector":"GXzUhrk4PZ8oDV8aM46yBk","action":"Normal GetUpdate request", "result":"", "context":cV=GXzUhrk4PZ8oDV8aM46yBk
Nudged types: Sessions, Device Info, History
Refresh requested types: Bookmarks, Preferences, Passwords, Autofill Profiles, Autofill, Extensions, Sessions, Extension settings, History Delete Directives, Device Info, User Consents, Send Tab To Self, Web Apps, History, Saved Tab Group, WebAuthn Credentials, Collection, Edge E Drop, Edge Hub App Usage, Edge Wallet, Edge Workspace, Encryption Keys}
{"logTime": "0604/043040", "correlationVector":"GXzUhrk4PZ8oDV8aM46yBk.1","action":"SyncServerConnectionManagerRequest", "result":"SYNC_SERVER_OK", "context":{"environment":"Prod_southeastasia_prod-s01-065-apac-southeastasia", "migrationStage":"NotStarted", "server":"akswtt00100001h"}}
{"logTime": "0604/043040", "correlationVector":"GXzUhrk4PZ8oDV8aM46yBk.2","action":"ProcessGetUpdates", "result":"Done", "context":{"dataType":"Sessions", "deleted":"0", "process_failed_to_decrypt":"0", "process_pending_decryption":"0", "process_success":"7", "total":"7"}}
{"logTime": "0604/043040", "correlationVector":"GXzUhrk4PZ8oDV8aM46yBk.3","action":"ProcessGetUpdates", "result":"Done", "context":{"dataType":"Device Info", "deleted":"0", "process_failed_to_decrypt":"0", "process_pending_decryption":"0", "process_success":"1", "total":"1"}}
{"logTime": "0604/043040", "correlationVector":"GXzUhrk4PZ8oDV8aM46yBk.4","action":"GetUpdates Response", "result":"Success", "context":Received 8 update(s). cV=GXzUhrk4PZ8oDV8aM46yBk.0;server=akswtt00100001h;cloudType=Consumer;environment=Prod_southeastasia_prod-s01-065-apac-southeastasia;migrationStage=NotStarted}
{"logTime": "0604/043040", "correlationVector":"TQOooktC2an8eLZnP+UnUl","action":"Commit Request", "result":"", "context":Item count: 11
Contributing types: Sessions, Device Info, History}
{"logTime": "0604/043041", "correlationVector":"TQOooktC2an8eLZnP+UnUl.1","action":"SyncServerConnectionManagerRequest", "result":"SYNC_SERVER_OK", "context":{"environment":"Prod_southeastasia_prod-s01-065-apac-southeastasia", "migrationStage":"NotStarted", "server":"akswtt001000001"}}
{"logTime": "0604/043041", "correlationVector":"TQOooktC2an8eLZnP+UnUl.2","action":"Commit Response", "result":"Success", "context":Result: Success. cV=TQOooktC2an8eLZnP+UnUl.0;server=akswtt001000001;cloudType=Consumer;environment=Prod_southeastasia_prod-s01-065-apac-southeastasia;migrationStage=NotStarted}
{"logTime": "0604/043120", "correlationVector":"1x2u4shN06OtMvS8wKO9sM.1","action":"SyncServerConnectionManagerRequest", "result":"SYNC_SERVER_OK", "context":{"environment":"Prod_southeastasia_prod-s01-064-apac-southeastasia", "migrationStage":"NotStarted", "server":"akswtt00100000e"}}
{"logTime": "0604/043120", "correlationVector":"1x2u4shN06OtMvS8wKO9sM.2","action":"ProcessGetUpdates", "result":"Done", "context":{"dataType":"Encryption Keys", "deleted":"0", "process_failed_to_decrypt":"0", "process_pending_decryption":"0", "process_success":"1", "total":"1"}}
{"logTime": "0604/043120", "correlationVector":"fZEl67Bbw+R5xG2XpZdiHg","action":"SyncServerConnectionManagerRequest", "result":"SYNC_SERVER_OK", "context":{"environment":"", "migrationStage":"", "server":""}}
{"logTime": "0604/043120", "correlationVector":"fZEl67Bbw+R5xG2XpZdiHg.0","action":"EncryptionKeysFetcher.DownloadKeys:", "result":"Success", "context":Key count: 3, Last key timestamp: 2026-01-13T16:27:18Z}
{"logTime": "0604/043120", "correlationVector":"fZEl67Bbw+R5xG2XpZdiHg.1","action":"EncryptionKeysManager::SetEncryptionKeys:", "result":"Success", "context":Key names[3]:[kAap4Dmh8L+fuJjrbxmhIUbMrINlbeOV0BppJ0ZcN3z+jQs5A4lRlJWE4kfi0GGue5YCerfNgtg0RyH38Z/7gA==][bK0Akd1Lio46hav9qngGvDurCEzmFb8C6N7GXq6N6YrHE5JXUspxF6K1rvySNRVnmCbK8IvrLlNl5NgjasiYwQ==][miXerPSZVDg7F77ol/766dYwzN6N4IEEsR12DCDm78zxHexNwBkJT6qikYeXTgZVqGf+oDag/Rj4Iu0ievx65w==]}
{"logTime": "0604/043120", "correlationVector":"fZEl67Bbw+R5xG2XpZdiHg.2","action":"EncryptionKeysManager::SetEncryptionKeysWithTimestamps:", "result":"Success", "context":Key timestamps[3]:[2024-07-21T12:02:03Z][2025-02-23T08:47:09Z][2026-01-13T16:27:18Z]}
{"logTime": "0604/043120", "correlationVector":"1x2u4shN06OtMvS8wKO9sM","action":"Initial GetUpdates", "result":"", "context":Reason: NEW_CLIENT. cV=1x2u4shN06OtMvS8wKO9sM}
{"logTime": "0604/043120", "correlationVector":"1x2u4shN06OtMvS8wKO9sM.3","action":"GetUpdates Response", "result":"Success", "context":Received 1 update(s). cV=1x2u4shN06OtMvS8wKO9sM.0;server=akswtt00100000e;cloudType=Consumer;environment=Prod_southeastasia_prod-s01-064-apac-southeastasia;migrationStage=NotStarted}
{"logTime": "0604/043120", "correlationVector":"PgIwVwF8FYP4sXTBOb5m+F","action":"Initial GetUpdates", "result":"", "context":Reason: NEWLY_SUPPORTED_DATATYPE. cV=PgIwVwF8FYP4sXTBOb5m+F}
{"logTime": "0604/043121", "correlationVector":"PgIwVwF8FYP4sXTBOb5m+F.1","action":"SyncServerConnectionManagerRequest", "result":"SYNC_SERVER_OK", "context":{"environment":"Prod_southeastasia_prod-s01-064-apac-southeastasia", "migrationStage":"NotStarted", "server":"akswtt00100001v"}}
{"logTime": "0604/043121", "correlationVector":"PgIwVwF8FYP4sXTBOb5m+F.2","action":"ProcessGetUpdates", "result":"Done", "context":{"dataType":"Preferences", "deleted":"1", "process_failed_to_decrypt":"0", "process_pending_decryption":"0", "process_success":"80", "total":"80"}}
{"logTime": "0604/043121", "correlationVector":"PgIwVwF8FYP4sXTBOb5m+F.3","action":"ProcessGetUpdates", "result":"Done", "context":{"dataType":"Passwords", "deleted":"0", "process_failed_to_decrypt":"0", "process_pending_decryption":"0", "process_success":"2", "total":"2"}}
{"logTime": "0604/043121", "correlationVector":"PgIwVwF8FYP4sXTBOb5m+F.4","action":"ProcessGetUpdates", "result":"Done", "context":{"dataType":"Device Info", "deleted":"0", "process_failed_to_decrypt":"0", "process_pending_decryption":"0", "process_success":"7", "total":"7"}}
{"logTime": "0604/043121", "correlationVector":"PgIwVwF8FYP4sXTBOb5m+F.5","action":"GetUpdates Response", "result":"Success", "context":Received 89 update(s). cV=PgIwVwF8FYP4sXTBOb5m+F.0;server=akswtt00100001v;cloudType=Consumer;environment=Prod_southeastasia_prod-s01-064-apac-southeastasia;migrationStage=NotStarted}
{"logTime": "0604/043121", "correlationVector":"LAtZxEL1MJMEF5SDzUINIw","action":"Initial GetUpdates", "result":"", "context":Reason: NEWLY_SUPPORTED_DATATYPE. cV=LAtZxEL1MJMEF5SDzUINIw}
{"logTime": "0604/043121", "correlationVector":"LAtZxEL1MJMEF5SDzUINIw.1","action":"SyncServerConnectionManagerRequest", "result":"SYNC_SERVER_OK", "context":{"environment":"Prod_southeastasia_prod-s01-065-apac-southeastasia", "migrationStage":"NotStarted", "server":"akswtt00100001j"}}
{"logTime": "0604/043121", "correlationVector":"LAtZxEL1MJMEF5SDzUINIw.2","action":"ProcessGetUpdates", "result":"Done", "context":{"dataType":"Bookmarks", "deleted":"0", "process_failed_to_decrypt":"0", "process_pending_decryption":"0", "process_success":"73", "total":"73"}}
{"logTime": "0604/043121", "correlationVector":"LAtZxEL1MJMEF5SDzUINIw.3","action":"GetUpdates Response", "result":"Success", "context":Received 73 update(s). cV=LAtZxEL1MJMEF5SDzUINIw.0;server=akswtt00100001j;cloudType=Consumer;environment=Prod_southeastasia_prod-s01-065-apac-southeastasia;migrationStage=NotStarted}
{"logTime": "0604/043121", "correlationVector":"hDnmDvZQgvZPjRiUGMqkTf","action":"Initial GetUpdates", "result":"", "context":Reason: NEWLY_SUPPORTED_DATATYPE. cV=hDnmDvZQgvZPjRiUGMqkTf}
{"logTime": "0604/043121", "correlationVector":"hDnmDvZQgvZPjRiUGMqkTf.1","action":"SyncServerConnectionManagerRequest", "result":"SYNC_SERVER_OK", "context":{"environment":"Prod_southeastasia_prod-s01-065-apac-southeastasia", "migrationStage":"NotStarted", "server":"akswtt00100000m"}}
{"logTime": "0604/043121", "correlationVector":"hDnmDvZQgvZPjRiUGMqkTf.2","action":"ProcessGetUpdates", "result":"Done", "context":{"dataType":"Autofill Profiles", "deleted":"22", "process_failed_to_decrypt":"0", "process_pending_decryption":"0", "process_success":"25", "total":"25"}}
{"logTime": "0604/043121", "correlationVector":"hDnmDvZQgvZPjRiUGMqkTf.3","action":"ProcessGetUpdates", "result":"Done", "context":{"dataType":"Autofill", "deleted":"0", "process_failed_to_decrypt":"0", "process_pending_decryption":"0", "process_success":"115", "total":"115"}}
{"logTime": "0604/043121", "correlationVector":"hDnmDvZQgvZPjRiUGMqkTf.4","action":"ProcessGetUpdates", "result":"Done", "context":{"dataType":"Extensions", "deleted":"0", "process_failed_to_decrypt":"0", "process_pending_decryption":"0", "process_success":"3", "total":"3"}}
{"logTime": "0604/043121", "correlationVector":"hDnmDvZQgvZPjRiUGMqkTf.5","action":"ProcessGetUpdates", "result":"Done", "context":{"dataType":"Sessions", "deleted":"25", "process_failed_to_decrypt":"0", "process_pending_decryption":"0", "process_success":"44", "total":"44"}}
{"logTime": "0604/043121", "correlationVector":"hDnmDvZQgvZPjRiUGMqkTf.6","action":"ProcessGetUpdates", "result":"Done", "context":{"dataType":"Extension settings", "deleted":"0", "process_failed_to_decrypt":"0", "process_pending_decryption":"0", "process_success":"12", "total":"12"}}
{"logTime": "0604/043121", "correlationVector":"hDnmDvZQgvZPjRiUGMqkTf.7","action":"ProcessGetUpdates", "result":"Done", "context":{"dataType":"Saved Tab Group", "deleted":"0", "process_failed_to_decrypt":"0", "process_pending_decryption":"0", "process_success":"3", "total":"3"}}
{"logTime": "0604/043121", "correlationVector":"hDnmDvZQgvZPjRiUGMqkTf.8","action":"ProcessGetUpdates", "result":"Done", "context":{"dataType":"Edge Hub App Usage", "deleted":"0", "process_failed_to_decrypt":"0", "process_pending_decryption":"0", "process_success":"1", "total":"1"}}
{"logTime": "0604/043121", "correlationVector":"hDnmDvZQgvZPjRiUGMqkTf.9","action":"ProcessGetUpdates", "result":"Done", "context":{"dataType":"Edge Workspace", "deleted":"0", "process_failed_to_decrypt":"0", "process_pending_decryption":"0", "process_success":"4", "total":"4"}}
{"logTime": "0604/043121", "correlationVector":"hDnmDvZQgvZPjRiUGMqkTf.10","action":"GetUpdates Response", "result":"Success", "context":Received 207 update(s). cV=hDnmDvZQgvZPjRiUGMqkTf.0;server=akswtt00100000m;cloudType=Consumer;environment=Prod_southeastasia_prod-s01-065-apac-southeastasia;migrationStage=NotStarted}
{"logTime": "0604/043122", "correlationVector":"kc8jUNvMKW7Ob0V8rlz+z0","action":"Initial GetUpdates", "result":"", "context":Reason: NEWLY_SUPPORTED_DATATYPE. cV=kc8jUNvMKW7Ob0V8rlz+z0}
{"logTime": "0604/043122", "correlationVector":"kc8jUNvMKW7Ob0V8rlz+z0.1","action":"SyncServerConnectionManagerRequest", "result":"SYNC_SERVER_OK", "context":{"environment":"Prod_southeastasia_prod-s01-065-apac-southeastasia", "migrationStage":"NotStarted", "server":"akswtt001000016"}}
{"logTime": "0604/043122", "correlationVector":"kc8jUNvMKW7Ob0V8rlz+z0.2","action":"ProcessGetUpdates", "result":"Done", "context":{"dataType":"History", "deleted":"0", "process_failed_to_decrypt":"0", "process_pending_decryption":"0", "process_success":"46", "total":"46"}}
{"logTime": "0604/043122", "correlationVector":"kc8jUNvMKW7Ob0V8rlz+z0.3","action":"GetUpdates Response", "result":"Success", "context":Received 46 update(s). cV=kc8jUNvMKW7Ob0V8rlz+z0.0;server=akswtt001000016;cloudType=Consumer;environment=Prod_southeastasia_prod-s01-065-apac-southeastasia;migrationStage=NotStarted}
{"logTime": "0604/043122", "correlationVector":"Hnq9Gjf8AUXvzljvAYNoAF","action":"Normal GetUpdate request", "result":"", "context":cV=Hnq9Gjf8AUXvzljvAYNoAF
Nudged types: Sessions, Device Info
Refresh requested types: Bookmarks, Preferences, Passwords, Autofill Profiles, Autofill, Extensions, Sessions, Extension settings, History Delete Directives, Device Info, User Consents, Send Tab To Self, Web Apps, History, Saved Tab Group, WebAuthn Credentials, Collection, Edge E Drop, Edge Hub App Usage, Edge Wallet, Edge Workspace, Encryption Keys}
{"logTime": "0604/043122", "correlationVector":"Hnq9Gjf8AUXvzljvAYNoAF.1","action":"SyncServerConnectionManagerRequest", "result":"SYNC_SERVER_OK", "context":{"environment":"Prod_southeastasia_prod-s01-065-apac-southeastasia", "migrationStage":"NotStarted", "server":"akswtt00100001s"}}
{"logTime": "0604/043122", "correlationVector":"Hnq9Gjf8AUXvzljvAYNoAF.2","action":"GetUpdates Response", "result":"Success", "context":Received 0 update(s). cV=Hnq9Gjf8AUXvzljvAYNoAF.0;server=akswtt00100001s;cloudType=Consumer;environment=Prod_southeastasia_prod-s01-065-apac-southeastasia;migrationStage=NotStarted}
{"logTime": "0604/043122", "correlationVector":"JzrPv1u+LA22WqVMKf8eoG","action":"Commit Request", "result":"", "context":Item count: 10
Contributing types: Sessions, Device Info}
{"logTime": "0604/043123", "correlationVector":"JzrPv1u+LA22WqVMKf8eoG.1","action":"SyncServerConnectionManagerRequest", "result":"SYNC_SERVER_OK", "context":{"environment":"Prod_southeastasia_prod-s01-065-apac-southeastasia", "migrationStage":"NotStarted", "server":"akswtt00100000q"}}
{"logTime": "0604/043123", "correlationVector":"JzrPv1u+LA22WqVMKf8eoG.2","action":"Commit Response", "result":"Success", "context":Result: Success. cV=JzrPv1u+LA22WqVMKf8eoG.0;server=akswtt00100000q;cloudType=Consumer;environment=Prod_southeastasia_prod-s01-065-apac-southeastasia;migrationStage=NotStarted}
{"logTime": "0604/043157", "correlationVector":"TNinjg5wHowTSulZtvA+8e.1","action":"SyncServerConnectionManagerRequest", "result":"SYNC_SERVER_OK", "context":{"environment":"Prod_southeastasia_prod-s01-064-apac-southeastasia", "migrationStage":"NotStarted", "server":"akswtt001000020"}}
{"logTime": "0604/043157", "correlationVector":"TNinjg5wHowTSulZtvA+8e.2","action":"ProcessGetUpdates", "result":"Done", "context":{"dataType":"Encryption Keys", "deleted":"0", "process_failed_to_decrypt":"0", "process_pending_decryption":"0", "process_success":"1", "total":"1"}}
{"logTime": "0604/043158", "correlationVector":"BDfopJ2Eg2Eyc+DySyMFhg","action":"SyncServerConnectionManagerRequest", "result":"SYNC_SERVER_OK", "context":{"environment":"", "migrationStage":"", "server":""}}
{"logTime": "0604/043158", "correlationVector":"BDfopJ2Eg2Eyc+DySyMFhg.0","action":"EncryptionKeysFetcher.DownloadKeys:", "result":"Success", "context":Key count: 3, Last key timestamp: 2026-01-13T16:27:18Z}
{"logTime": "0604/043158", "correlationVector":"BDfopJ2Eg2Eyc+DySyMFhg.1","action":"EncryptionKeysManager::SetEncryptionKeys:", "result":"Success", "context":Key names[3]:[kAap4Dmh8L+fuJjrbxmhIUbMrINlbeOV0BppJ0ZcN3z+jQs5A4lRlJWE4kfi0GGue5YCerfNgtg0RyH38Z/7gA==][bK0Akd1Lio46hav9qngGvDurCEzmFb8C6N7GXq6N6YrHE5JXUspxF6K1rvySNRVnmCbK8IvrLlNl5NgjasiYwQ==][miXerPSZVDg7F77ol/766dYwzN6N4IEEsR12DCDm78zxHexNwBkJT6qikYeXTgZVqGf+oDag/Rj4Iu0ievx65w==]}
{"logTime": "0604/043158", "correlationVector":"BDfopJ2Eg2Eyc+DySyMFhg.2","action":"EncryptionKeysManager::SetEncryptionKeysWithTimestamps:", "result":"Success", "context":Key timestamps[3]:[2024-07-21T12:02:03Z][2025-02-23T08:47:09Z][2026-01-13T16:27:18Z]}
{"logTime": "0604/043158", "correlationVector":"TNinjg5wHowTSulZtvA+8e","action":"Initial GetUpdates", "result":"", "context":Reason: NEW_CLIENT. cV=TNinjg5wHowTSulZtvA+8e}
{"logTime": "0604/043158", "correlationVector":"TNinjg5wHowTSulZtvA+8e.3","action":"GetUpdates Response", "result":"Success", "context":Received 1 update(s). cV=TNinjg5wHowTSulZtvA+8e.0;server=akswtt001000020;cloudType=Consumer;environment=Prod_southeastasia_prod-s01-064-apac-southeastasia;migrationStage=NotStarted}
{"logTime": "0604/043158", "correlationVector":"j5VD2WuYwMD2HKgS7g2eoc","action":"Initial GetUpdates", "result":"", "context":Reason: NEWLY_SUPPORTED_DATATYPE. cV=j5VD2WuYwMD2HKgS7g2eoc}
{"logTime": "0604/043158", "correlationVector":"j5VD2WuYwMD2HKgS7g2eoc.1","action":"SyncServerConnectionManagerRequest", "result":"SYNC_SERVER_OK", "context":{"environment":"Prod_southeastasia_prod-s01-064-apac-southeastasia", "migrationStage":"NotStarted", "server":"akswtt001000021"}}
{"logTime": "0604/043158", "correlationVector":"j5VD2WuYwMD2HKgS7g2eoc.2","action":"ProcessGetUpdates", "result":"Done", "context":{"dataType":"Passwords", "deleted":"0", "process_failed_to_decrypt":"0", "process_pending_decryption":"0", "process_success":"2", "total":"2"}}
{"logTime": "0604/043158", "correlationVector":"j5VD2WuYwMD2HKgS7g2eoc.3","action":"GetUpdates Response", "result":"Success", "context":Received 2 update(s). cV=j5VD2WuYwMD2HKgS7g2eoc.0;server=akswtt001000021;cloudType=Consumer;environment=Prod_southeastasia_prod-s01-064-apac-southeastasia;migrationStage=NotStarted}
{"logTime": "0604/043158", "correlationVector":"191yzgxRou+qi9VqknKlWQ","action":"Normal GetUpdate request", "result":"", "context":cV=191yzgxRou+qi9VqknKlWQ
Nudged types: Sessions, Device Info, History
Refresh requested types: Bookmarks, Preferences, Passwords, Autofill Profiles, Autofill, Extensions, Sessions, Extension settings, History Delete Directives, Device Info, User Consents, Send Tab To Self, Web Apps, History, Saved Tab Group, WebAuthn Credentials, Collection, Edge E Drop, Edge Hub App Usage, Edge Wallet, Edge Workspace, Encryption Keys}
{"logTime": "0604/043158", "correlationVector":"191yzgxRou+qi9VqknKlWQ.1","action":"SyncServerConnectionManagerRequest", "result":"SYNC_SERVER_OK", "context":{"environment":"Prod_southeastasia_prod-s01-064-apac-southeastasia", "migrationStage":"NotStarted", "server":"akswtt001000001"}}
{"logTime": "0604/043158", "correlationVector":"191yzgxRou+qi9VqknKlWQ.2","action":"ProcessGetUpdates", "result":"Done", "context":{"dataType":"Sessions", "deleted":"0", "process_failed_to_decrypt":"0", "process_pending_decryption":"0", "process_success":"9", "total":"9"}}
{"logTime": "0604/043158", "correlationVector":"191yzgxRou+qi9VqknKlWQ.3","action":"ProcessGetUpdates", "result":"Done", "context":{"dataType":"Device Info", "deleted":"0", "process_failed_to_decrypt":"0", "process_pending_decryption":"0", "process_success":"1", "total":"1"}}
{"logTime": "0604/043158", "correlationVector":"191yzgxRou+qi9VqknKlWQ.4","action":"GetUpdates Response", "result":"Success", "context":Received 10 update(s). cV=191yzgxRou+qi9VqknKlWQ.0;server=akswtt001000001;cloudType=Consumer;environment=Prod_southeastasia_prod-s01-064-apac-southeastasia;migrationStage=NotStarted}
{"logTime": "0604/043158", "correlationVector":"FMjJXMESf6vHYL2LkQxj0X","action":"Commit Request", "result":"", "context":Item count: 14
Contributing types: Sessions, Device Info, History}
{"logTime": "0604/043159", "correlationVector":"FMjJXMESf6vHYL2LkQxj0X.1","action":"SyncServerConnectionManagerRequest", "result":"SYNC_SERVER_OK", "context":{"environment":"Prod_southeastasia_prod-s01-064-apac-southeastasia", "migrationStage":"NotStarted", "server":"akswtt001000003"}}
{"logTime": "0604/043159", "correlationVector":"FMjJXMESf6vHYL2LkQxj0X.2","action":"Commit Response", "result":"Success", "context":Result: Success. cV=FMjJXMESf6vHYL2LkQxj0X.0;server=akswtt001000003;cloudType=Consumer;environment=Prod_southeastasia_prod-s01-064-apac-southeastasia;migrationStage=NotStarted}
{"logTime": "0604/043159", "correlationVector":"fSzlT5lEjyXOxNll3JnK5y","action":"Commit Request", "result":"", "context":Item count: 3
Contributing types: Sessions}
{"logTime": "0604/043159", "correlationVector":"fSzlT5lEjyXOxNll3JnK5y.1","action":"SyncServerConnectionManagerRequest", "result":"SYNC_SERVER_OK", "context":{"environment":"Prod_southeastasia_prod-s01-064-apac-southeastasia", "migrationStage":"NotStarted", "server":"akswtt001000008"}}
{"logTime": "0604/043159", "correlationVector":"fSzlT5lEjyXOxNll3JnK5y.2","action":"Commit Response", "result":"Success", "context":Result: Success. cV=fSzlT5lEjyXOxNll3JnK5y.0;server=akswtt001000008;cloudType=Consumer;environment=Prod_southeastasia_prod-s01-064-apac-southeastasia;migrationStage=NotStarted}
{"logTime": "0604/043301", "correlationVector":"HEegJATukE5zt9FIZzvX3E","action":"Commit Request", "result":"", "context":Item count: 4
Contributing types: Sessions, History}
{"logTime": "0604/043302", "correlationVector":"HEegJATukE5zt9FIZzvX3E.1","action":"SyncServerConnectionManagerRequest", "result":"SYNC_SERVER_OK", "context":{"environment":"Prod_southeastasia_prod-s01-064-apac-southeastasia", "migrationStage":"NotStarted", "server":"akswtt00100000m"}}
{"logTime": "0604/043302", "correlationVector":"HEegJATukE5zt9FIZzvX3E.2","action":"Commit Response", "result":"Success", "context":Result: Success. cV=HEegJATukE5zt9FIZzvX3E.0;server=akswtt00100000m;cloudType=Consumer;environment=Prod_southeastasia_prod-s01-064-apac-southeastasia;migrationStage=NotStarted}
{"logTime": "0604/094258", "correlationVector":"01FzwprPj2C269icHQwnoY.1","action":"SyncServerConnectionManagerRequest", "result":"SYNC_SERVER_OK", "context":{"environment":"Prod_southeastasia_prod-s01-064-apac-southeastasia", "migrationStage":"NotStarted", "server":"akswtt00100000z"}}
{"logTime": "0604/094258", "correlationVector":"01FzwprPj2C269icHQwnoY.2","action":"ProcessGetUpdates", "result":"Done", "context":{"dataType":"Encryption Keys", "deleted":"0", "process_failed_to_decrypt":"0", "process_pending_decryption":"0", "process_success":"1", "total":"1"}}
{"logTime": "0604/094258", "correlationVector":"hA0lY4s1+GRvREvYqBPwNd","action":"SyncServerConnectionManagerRequest", "result":"SYNC_SERVER_OK", "context":{"environment":"", "migrationStage":"", "server":""}}
{"logTime": "0604/094258", "correlationVector":"hA0lY4s1+GRvREvYqBPwNd.0","action":"EncryptionKeysFetcher.DownloadKeys:", "result":"Success", "context":Key count: 3, Last key timestamp: 2026-01-13T16:27:18Z}
{"logTime": "0604/094258", "correlationVector":"hA0lY4s1+GRvREvYqBPwNd.1","action":"EncryptionKeysManager::SetEncryptionKeys:", "result":"Success", "context":Key names[3]:[kAap4Dmh8L+fuJjrbxmhIUbMrINlbeOV0BppJ0ZcN3z+jQs5A4lRlJWE4kfi0GGue5YCerfNgtg0RyH38Z/7gA==][bK0Akd1Lio46hav9qngGvDurCEzmFb8C6N7GXq6N6YrHE5JXUspxF6K1rvySNRVnmCbK8IvrLlNl5NgjasiYwQ==][miXerPSZVDg7F77ol/766dYwzN6N4IEEsR12DCDm78zxHexNwBkJT6qikYeXTgZVqGf+oDag/Rj4Iu0ievx65w==]}
{"logTime": "0604/094258", "correlationVector":"hA0lY4s1+GRvREvYqBPwNd.2","action":"EncryptionKeysManager::SetEncryptionKeysWithTimestamps:", "result":"Success", "context":Key timestamps[3]:[2024-07-21T12:02:03Z][2025-02-23T08:47:09Z][2026-01-13T16:27:18Z]}
{"logTime": "0604/094258", "correlationVector":"01FzwprPj2C269icHQwnoY","action":"Initial GetUpdates", "result":"", "context":Reason: NEW_CLIENT. cV=01FzwprPj2C269icHQwnoY}
{"logTime": "0604/094258", "correlationVector":"01FzwprPj2C269icHQwnoY.3","action":"GetUpdates Response", "result":"Success", "context":Received 1 update(s). cV=01FzwprPj2C269icHQwnoY.0;server=akswtt00100000z;cloudType=Consumer;environment=Prod_southeastasia_prod-s01-064-apac-southeastasia;migrationStage=NotStarted}
{"logTime": "0604/094258", "correlationVector":"eOcGxNy8CdrdoCEYf6RRrJ","action":"Initial GetUpdates", "result":"", "context":Reason: NEWLY_SUPPORTED_DATATYPE. cV=eOcGxNy8CdrdoCEYf6RRrJ}
{"logTime": "0604/094259", "correlationVector":"eOcGxNy8CdrdoCEYf6RRrJ.1","action":"SyncServerConnectionManagerRequest", "result":"SYNC_SERVER_OK", "context":{"environment":"Prod_southeastasia_prod-s01-064-apac-southeastasia", "migrationStage":"NotStarted", "server":"akswtt00100001u"}}
{"logTime": "0604/094259", "correlationVector":"eOcGxNy8CdrdoCEYf6RRrJ.2","action":"ProcessGetUpdates", "result":"Done", "context":{"dataType":"Preferences", "deleted":"1", "process_failed_to_decrypt":"0", "process_pending_decryption":"0", "process_success":"80", "total":"80"}}
{"logTime": "0604/094259", "correlationVector":"eOcGxNy8CdrdoCEYf6RRrJ.3","action":"ProcessGetUpdates", "result":"Done", "context":{"dataType":"Passwords", "deleted":"0", "process_failed_to_decrypt":"0", "process_pending_decryption":"0", "process_success":"2", "total":"2"}}
{"logTime": "0604/094259", "correlationVector":"eOcGxNy8CdrdoCEYf6RRrJ.4","action":"ProcessGetUpdates", "result":"Done", "context":{"dataType":"Device Info", "deleted":"0", "process_failed_to_decrypt":"0", "process_pending_decryption":"0", "process_success":"7", "total":"7"}}
{"logTime": "0604/094259", "correlationVector":"eOcGxNy8CdrdoCEYf6RRrJ.5","action":"GetUpdates Response", "result":"Success", "context":Received 89 update(s). cV=eOcGxNy8CdrdoCEYf6RRrJ.0;server=akswtt00100001u;cloudType=Consumer;environment=Prod_southeastasia_prod-s01-064-apac-southeastasia;migrationStage=NotStarted}
{"logTime": "0604/094259", "correlationVector":"LoCKE0xQ595EnF5+SxWz22","action":"Initial GetUpdates", "result":"", "context":Reason: NEWLY_SUPPORTED_DATATYPE. cV=LoCKE0xQ595EnF5+SxWz22}
{"logTime": "0604/094259", "correlationVector":"LoCKE0xQ595EnF5+SxWz22.1","action":"SyncServerConnectionManagerRequest", "result":"SYNC_SERVER_OK", "context":{"environment":"Prod_southeastasia_prod-s01-064-apac-southeastasia", "migrationStage":"NotStarted", "server":"akswtt00100000h"}}
{"logTime": "0604/094259", "correlationVector":"LoCKE0xQ595EnF5+SxWz22.2","action":"ProcessGetUpdates", "result":"Done", "context":{"dataType":"Bookmarks", "deleted":"0", "process_failed_to_decrypt":"0", "process_pending_decryption":"0", "process_success":"73", "total":"73"}}
{"logTime": "0604/094259", "correlationVector":"LoCKE0xQ595EnF5+SxWz22.3","action":"GetUpdates Response", "result":"Success", "context":Received 73 update(s). cV=LoCKE0xQ595EnF5+SxWz22.0;server=akswtt00100000h;cloudType=Consumer;environment=Prod_southeastasia_prod-s01-064-apac-southeastasia;migrationStage=NotStarted}
{"logTime": "0604/094259", "correlationVector":"qaz5c8UD0tNq2OLJzMoO77","action":"Initial GetUpdates", "result":"", "context":Reason: NEWLY_SUPPORTED_DATATYPE. cV=qaz5c8UD0tNq2OLJzMoO77}
{"logTime": "0604/094259", "correlationVector":"qaz5c8UD0tNq2OLJzMoO77.1","action":"SyncServerConnectionManagerRequest", "result":"SYNC_SERVER_OK", "context":{"environment":"Prod_southeastasia_prod-s01-064-apac-southeastasia", "migrationStage":"NotStarted", "server":"akswtt00100001v"}}
{"logTime": "0604/094259", "correlationVector":"qaz5c8UD0tNq2OLJzMoO77.2","action":"ProcessGetUpdates", "result":"Done", "context":{"dataType":"Autofill Profiles", "deleted":"22", "process_failed_to_decrypt":"0", "process_pending_decryption":"0", "process_success":"25", "total":"25"}}
{"logTime": "0604/094259", "correlationVector":"qaz5c8UD0tNq2OLJzMoO77.3","action":"ProcessGetUpdates", "result":"Done", "context":{"dataType":"Autofill", "deleted":"0", "process_failed_to_decrypt":"0", "process_pending_decryption":"0", "process_success":"115", "total":"115"}}
{"logTime": "0604/094259", "correlationVector":"qaz5c8UD0tNq2OLJzMoO77.4","action":"ProcessGetUpdates", "result":"Done", "context":{"dataType":"Extensions", "deleted":"0", "process_failed_to_decrypt":"0", "process_pending_decryption":"0", "process_success":"3", "total":"3"}}
{"logTime": "0604/094259", "correlationVector":"qaz5c8UD0tNq2OLJzMoO77.5","action":"ProcessGetUpdates", "result":"Done", "context":{"dataType":"Sessions", "deleted":"25", "process_failed_to_decrypt":"0", "process_pending_decryption":"0", "process_success":"46", "total":"46"}}
{"logTime": "0604/094259", "correlationVector":"qaz5c8UD0tNq2OLJzMoO77.6","action":"ProcessGetUpdates", "result":"Done", "context":{"dataType":"Extension settings", "deleted":"0", "process_failed_to_decrypt":"0", "process_pending_decryption":"0", "process_success":"12", "total":"12"}}
{"logTime": "0604/094259", "correlationVector":"qaz5c8UD0tNq2OLJzMoO77.7","action":"ProcessGetUpdates", "result":"Done", "context":{"dataType":"Saved Tab Group", "deleted":"0", "process_failed_to_decrypt":"0", "process_pending_decryption":"0", "process_success":"3", "total":"3"}}
{"logTime": "0604/094259", "correlationVector":"qaz5c8UD0tNq2OLJzMoO77.8","action":"ProcessGetUpdates", "result":"Done", "context":{"dataType":"Edge Hub App Usage", "deleted":"0", "process_failed_to_decrypt":"0", "process_pending_decryption":"0", "process_success":"1", "total":"1"}}
{"logTime": "0604/094259", "correlationVector":"qaz5c8UD0tNq2OLJzMoO77.9","action":"ProcessGetUpdates", "result":"Done", "context":{"dataType":"Edge Workspace", "deleted":"0", "process_failed_to_decrypt":"0", "process_pending_decryption":"0", "process_success":"4", "total":"4"}}
{"logTime": "0604/094259", "correlationVector":"qaz5c8UD0tNq2OLJzMoO77.10","action":"GetUpdates Response", "result":"Success", "context":Received 209 update(s). cV=qaz5c8UD0tNq2OLJzMoO77.0;server=akswtt00100001v;cloudType=Consumer;environment=Prod_southeastasia_prod-s01-064-apac-southeastasia;migrationStage=NotStarted}
{"logTime": "0604/094259", "correlationVector":"MrD4R3ijHIjpUYGXpGqVkz","action":"Initial GetUpdates", "result":"", "context":Reason: NEWLY_SUPPORTED_DATATYPE. cV=MrD4R3ijHIjpUYGXpGqVkz}
{"logTime": "0604/094300", "correlationVector":"MrD4R3ijHIjpUYGXpGqVkz.1","action":"SyncServerConnectionManagerRequest", "result":"SYNC_SERVER_OK", "context":{"environment":"Prod_southeastasia_prod-s01-064-apac-southeastasia", "migrationStage":"NotStarted", "server":"akswtt00100000m"}}
{"logTime": "0604/094300", "correlationVector":"MrD4R3ijHIjpUYGXpGqVkz.2","action":"ProcessGetUpdates", "result":"Done", "context":{"dataType":"History", "deleted":"0", "process_failed_to_decrypt":"0", "process_pending_decryption":"0", "process_success":"51", "total":"51"}}
{"logTime": "0604/094300", "correlationVector":"MrD4R3ijHIjpUYGXpGqVkz.3","action":"GetUpdates Response", "result":"Success", "context":Received 51 update(s). cV=MrD4R3ijHIjpUYGXpGqVkz.0;server=akswtt00100000m;cloudType=Consumer;environment=Prod_southeastasia_prod-s01-064-apac-southeastasia;migrationStage=NotStarted}
{"logTime": "0604/094300", "correlationVector":"oA+oWUIYiugMURJwINuzI3","action":"Normal GetUpdate request", "result":"", "context":cV=oA+oWUIYiugMURJwINuzI3
Nudged types: Sessions, Device Info
Refresh requested types: Bookmarks, Preferences, Passwords, Autofill Profiles, Autofill, Extensions, Sessions, Extension settings, History Delete Directives, Device Info, User Consents, Send Tab To Self, Web Apps, History, Saved Tab Group, WebAuthn Credentials, Collection, Edge E Drop, Edge Hub App Usage, Edge Wallet, Edge Workspace, Encryption Keys}
{"logTime": "0604/094300", "correlationVector":"oA+oWUIYiugMURJwINuzI3.1","action":"SyncServerConnectionManagerRequest", "result":"SYNC_SERVER_OK", "context":{"environment":"Prod_southeastasia_prod-s01-064-apac-southeastasia", "migrationStage":"NotStarted", "server":"akswtt00100000h"}}
{"logTime": "0604/094300", "correlationVector":"oA+oWUIYiugMURJwINuzI3.2","action":"GetUpdates Response", "result":"Success", "context":Received 0 update(s). cV=oA+oWUIYiugMURJwINuzI3.0;server=akswtt00100000h;cloudType=Consumer;environment=Prod_southeastasia_prod-s01-064-apac-southeastasia;migrationStage=NotStarted}
{"logTime": "0604/094300", "correlationVector":"cHjIwdK2tS8ZsW3lGL3V34","action":"Commit Request", "result":"", "context":Item count: 12
Contributing types: Sessions, Device Info}
{"logTime": "0604/094301", "correlationVector":"cHjIwdK2tS8ZsW3lGL3V34.1","action":"SyncServerConnectionManagerRequest", "result":"SYNC_SERVER_OK", "context":{"environment":"Prod_southeastasia_prod-s01-064-apac-southeastasia", "migrationStage":"NotStarted", "server":"akswtt00100000t"}}
{"logTime": "0604/094301", "correlationVector":"cHjIwdK2tS8ZsW3lGL3V34.2","action":"Commit Response", "result":"Success", "context":Result: Success. cV=cHjIwdK2tS8ZsW3lGL3V34.0;server=akswtt00100000t;cloudType=Consumer;environment=Prod_southeastasia_prod-s01-064-apac-southeastasia;migrationStage=NotStarted}
{"logTime": "0604/094301", "correlationVector":"wr/JVNFRIedzLO5DZKCV81","action":"Commit Request", "result":"", "context":Item count: 12
Contributing types: Sessions, History}
{"logTime": "0604/094301", "correlationVector":"wr/JVNFRIedzLO5DZKCV81.1","action":"SyncServerConnectionManagerRequest", "result":"SYNC_SERVER_OK", "context":{"environment":"Prod_southeastasia_prod-s01-064-apac-southeastasia", "migrationStage":"NotStarted", "server":"akswtt00100001v"}}
{"logTime": "0604/094301", "correlationVector":"wr/JVNFRIedzLO5DZKCV81.2","action":"Commit Response", "result":"Success", "context":Result: Success. cV=wr/JVNFRIedzLO5DZKCV81.0;server=akswtt00100001v;cloudType=Consumer;environment=Prod_southeastasia_prod-s01-064-apac-southeastasia;migrationStage=NotStarted}
{"logTime": "0604/094301", "correlationVector":"iO6BPsq02JFlLuTTdNMqjA","action":"Commit Request", "result":"", "context":Item count: 3
Contributing types: Sessions, History}
{"logTime": "0604/094302", "correlationVector":"iO6BPsq02JFlLuTTdNMqjA.1","action":"SyncServerConnectionManagerRequest", "result":"SYNC_SERVER_OK", "context":{"environment":"Prod_southeastasia_prod-s01-064-apac-southeastasia", "migrationStage":"NotStarted", "server":"akswtt00100000e"}}
{"logTime": "0604/094302", "correlationVector":"iO6BPsq02JFlLuTTdNMqjA.2","action":"Commit Response", "result":"Success", "context":Result: Success. cV=iO6BPsq02JFlLuTTdNMqjA.0;server=akswtt00100000e;cloudType=Consumer;environment=Prod_southeastasia_prod-s01-064-apac-southeastasia;migrationStage=NotStarted}
{"logTime": "0604/094302", "correlationVector":"WNn6htZFPt0h8AyAHyjQpr","action":"Poll GetUpdate request", "result":"", "context":cV=WNn6htZFPt0h8AyAHyjQpr}
{"logTime": "0604/094302", "correlationVector":"WNn6htZFPt0h8AyAHyjQpr.1","action":"SyncServerConnectionManagerRequest", "result":"SYNC_SERVER_OK", "context":{"environment":"Prod_southeastasia_prod-s01-064-apac-southeastasia", "migrationStage":"NotStarted", "server":"akswtt001000008"}}
{"logTime": "0604/094302", "correlationVector":"WNn6htZFPt0h8AyAHyjQpr.2","action":"ProcessGetUpdates", "result":"Done", "context":{"dataType":"Sessions", "deleted":"0", "process_failed_to_decrypt":"0", "process_pending_decryption":"0", "process_success":"11", "total":"11"}}
{"logTime": "0604/094302", "correlationVector":"WNn6htZFPt0h8AyAHyjQpr.3","action":"ProcessGetUpdates", "result":"Done", "context":{"dataType":"Device Info", "deleted":"0", "process_failed_to_decrypt":"0", "process_pending_decryption":"0", "process_success":"1", "total":"1"}}
{"logTime": "0604/094302", "correlationVector":"WNn6htZFPt0h8AyAHyjQpr.4","action":"ProcessGetUpdates", "result":"Done", "context":{"dataType":"History", "deleted":"0", "process_failed_to_decrypt":"0", "process_pending_decryption":"0", "process_success":"2", "total":"2"}}
{"logTime": "0604/094302", "correlationVector":"WNn6htZFPt0h8AyAHyjQpr.5","action":"GetUpdates Response", "result":"Success", "context":Received 14 update(s). cV=WNn6htZFPt0h8AyAHyjQpr.0;server=akswtt001000008;cloudType=Consumer;environment=Prod_southeastasia_prod-s01-064-apac-southeastasia;migrationStage=NotStarted}
{"logTime": "0604/094401", "correlationVector":"m3uS+4FX+lyDnVuuUKAhgp","action":"Commit Request", "result":"", "context":Item count: 12
Contributing types: Sessions, History}
{"logTime": "0604/094402", "correlationVector":"m3uS+4FX+lyDnVuuUKAhgp.1","action":"SyncServerConnectionManagerRequest", "result":"SYNC_SERVER_OK", "context":{"environment":"Prod_southeastasia_prod-s01-064-apac-southeastasia", "migrationStage":"NotStarted", "server":"akswtt001000021"}}
{"logTime": "0604/094402", "correlationVector":"m3uS+4FX+lyDnVuuUKAhgp.3","action":"Commit.Sessions", "result":"Success", "context":{"id":"eac9d44f-4835-4a53-9384-1e42765b19e5", "isDeleted":"true", "size":"0", "version":"1780566181657"}}
{"logTime": "0604/094402", "correlationVector":"m3uS+4FX+lyDnVuuUKAhgp.4","action":"Commit.Sessions", "result":"Success", "context":{"id":"1f7acd51-b4ba-4f15-b43c-f18008236bfb", "isDeleted":"true", "size":"0", "version":"1780566181658"}}
{"logTime": "0604/094402", "correlationVector":"m3uS+4FX+lyDnVuuUKAhgp.5","action":"Commit.Sessions", "result":"Success", "context":{"id":"4154a711-4469-4bc3-a379-c55936225bcb", "isDeleted":"true", "size":"0", "version":"1780566181659"}}
{"logTime": "0604/094402", "correlationVector":"m3uS+4FX+lyDnVuuUKAhgp.6","action":"Commit.Sessions", "result":"Success", "context":{"id":"61b996f0-1f78-4186-874e-6c54d69e075d", "isDeleted":"true", "size":"0", "version":"1780566181660"}}
{"logTime": "0604/094402", "correlationVector":"m3uS+4FX+lyDnVuuUKAhgp.2","action":"Commit Response", "result":"Success", "context":Result: Success. cV=m3uS+4FX+lyDnVuuUKAhgp.0;server=akswtt001000021;cloudType=Consumer;environment=Prod_southeastasia_prod-s01-064-apac-southeastasia;migrationStage=NotStarted}
{"logTime": "0604/094402", "correlationVector":"m3uS+4FX+lyDnVuuUKAhgp.7","action":"Commit.Sessions", "result":"Success", "context":{"id":"0b0229c5-615e-43a6-8273-7c64f9a35f6f", "isDeleted":"true", "size":"0", "version":"1780566181662"}}
{"logTime": "0604/094402", "correlationVector":"m3uS+4FX+lyDnVuuUKAhgp.8","action":"Commit.Sessions", "result":"Success", "context":{"id":"50beb5c1-441c-46d6-903f-544a0b121be1", "isDeleted":"true", "size":"0", "version":"1780566181664"}}
{"logTime": "0604/094402", "correlationVector":"m3uS+4FX+lyDnVuuUKAhgp.9","action":"Commit.Sessions", "result":"Success", "context":{"id":"e900e7a6-6bbd-4a3d-90b0-506d4eaf28bf", "isDeleted":"true", "size":"0", "version":"1780566181665"}}
{"logTime": "0604/094402", "correlationVector":"m3uS+4FX+lyDnVuuUKAhgp.10","action":"Commit.Sessions", "result":"Success", "context":{"id":"181d8e4f-9cce-4026-b829-151a8fb3f9b2", "isDeleted":"true", "size":"0", "version":"1780566181667"}}
{"logTime": "0604/095446", "correlationVector":"30GOMQdZggj24VpEmxj99B","action":"Commit Request", "result":"", "context":Item count: 1
Contributing types: Sessions}
{"logTime": "0604/095446", "correlationVector":"30GOMQdZggj24VpEmxj99B.1","action":"SyncServerConnectionManagerRequest", "result":"SYNC_SERVER_OK", "context":{"environment":"Prod_southeastasia_prod-s01-064-apac-southeastasia", "migrationStage":"NotStarted", "server":"akswtt001000004"}}
{"logTime": "0604/095446", "correlationVector":"30GOMQdZggj24VpEmxj99B.2","action":"Commit Response", "result":"Success", "context":Result: Success. cV=30GOMQdZggj24VpEmxj99B.0;server=akswtt001000004;cloudType=Consumer;environment=Prod_southeastasia_prod-s01-064-apac-southeastasia;migrationStage=NotStarted}
{"logTime": "0604/100727", "correlationVector":"VDCUqGRYcyiFUiSqLFl15R","action":"Commit Request", "result":"", "context":Item count: 1
Contributing types: Sessions}
{"logTime": "0604/100727", "correlationVector":"VDCUqGRYcyiFUiSqLFl15R.1","action":"SyncServerConnectionManagerRequest", "result":"SYNC_SERVER_OK", "context":{"environment":"Prod_southeastasia_prod-s01-065-apac-southeastasia", "migrationStage":"NotStarted", "server":"akswtt001000011"}}
{"logTime": "0604/100727", "correlationVector":"VDCUqGRYcyiFUiSqLFl15R.2","action":"Commit Response", "result":"Success", "context":Result: Success. cV=VDCUqGRYcyiFUiSqLFl15R.0;server=akswtt001000011;cloudType=Consumer;environment=Prod_southeastasia_prod-s01-065-apac-southeastasia;migrationStage=NotStarted}
{"logTime": "0604/101444", "correlationVector":"bztHTKydfGJrXOEX17ZJ9u","action":"Commit Request", "result":"", "context":Item count: 1
Contributing types: History}
{"logTime": "0604/101445", "correlationVector":"bztHTKydfGJrXOEX17ZJ9u.1","action":"SyncServerConnectionManagerRequest", "result":"SYNC_SERVER_OK", "context":{"environment":"Prod_southeastasia_prod-s01-065-apac-southeastasia", "migrationStage":"NotStarted", "server":"akswtt00100000d"}}
{"logTime": "0604/101445", "correlationVector":"bztHTKydfGJrXOEX17ZJ9u.2","action":"Commit Response", "result":"Success", "context":Result: Success. cV=bztHTKydfGJrXOEX17ZJ9u.0;server=akswtt00100000d;cloudType=Consumer;environment=Prod_southeastasia_prod-s01-065-apac-southeastasia;migrationStage=NotStarted}
{"logTime": "0607/082945", "correlationVector":"pjjy4KUKK4l8ojPrJJiIaQ.1","action":"SyncServerConnectionManagerRequest", "result":"SYNC_SERVER_OK", "context":{"environment":"Prod_southeastasia_prod-s01-064-apac-southeastasia", "migrationStage":"NotStarted", "server":"akswtt00100000s"}}
{"logTime": "0607/082945", "correlationVector":"pjjy4KUKK4l8ojPrJJiIaQ.2","action":"ProcessGetUpdates", "result":"Done", "context":{"dataType":"Encryption Keys", "deleted":"0", "process_failed_to_decrypt":"0", "process_pending_decryption":"0", "process_success":"1", "total":"1"}}
{"logTime": "0607/082946", "correlationVector":"AX5GEj9qga0P/lvbuPcEJg","action":"SyncServerConnectionManagerRequest", "result":"SYNC_SERVER_OK", "context":{"environment":"", "migrationStage":"", "server":""}}
{"logTime": "0607/082946", "correlationVector":"AX5GEj9qga0P/lvbuPcEJg.0","action":"EncryptionKeysFetcher.DownloadKeys:", "result":"Success", "context":Key count: 3, Last key timestamp: 2026-01-13T16:27:18Z}
{"logTime": "0607/082946", "correlationVector":"AX5GEj9qga0P/lvbuPcEJg.1","action":"EncryptionKeysManager::SetEncryptionKeys:", "result":"Success", "context":Key names[3]:[kAap4Dmh8L+fuJjrbxmhIUbMrINlbeOV0BppJ0ZcN3z+jQs5A4lRlJWE4kfi0GGue5YCerfNgtg0RyH38Z/7gA==][bK0Akd1Lio46hav9qngGvDurCEzmFb8C6N7GXq6N6YrHE5JXUspxF6K1rvySNRVnmCbK8IvrLlNl5NgjasiYwQ==][miXerPSZVDg7F77ol/766dYwzN6N4IEEsR12DCDm78zxHexNwBkJT6qikYeXTgZVqGf+oDag/Rj4Iu0ievx65w==]}
{"logTime": "0607/082946", "correlationVector":"AX5GEj9qga0P/lvbuPcEJg.2","action":"EncryptionKeysManager::SetEncryptionKeysWithTimestamps:", "result":"Success", "context":Key timestamps[3]:[2024-07-21T12:02:03Z][2025-02-23T08:47:09Z][2026-01-13T16:27:18Z]}
{"logTime": "0607/082946", "correlationVector":"pjjy4KUKK4l8ojPrJJiIaQ","action":"Initial GetUpdates", "result":"", "context":Reason: NEW_CLIENT. cV=pjjy4KUKK4l8ojPrJJiIaQ}
{"logTime": "0607/082946", "correlationVector":"pjjy4KUKK4l8ojPrJJiIaQ.3","action":"GetUpdates Response", "result":"Success", "context":Received 1 update(s). cV=pjjy4KUKK4l8ojPrJJiIaQ.0;server=akswtt00100000s;cloudType=Consumer;environment=Prod_southeastasia_prod-s01-064-apac-southeastasia;migrationStage=NotStarted}
{"logTime": "0607/082946", "correlationVector":"0JObsFGlNkO6d9H6g+G7f9","action":"Initial GetUpdates", "result":"", "context":Reason: NEWLY_SUPPORTED_DATATYPE. cV=0JObsFGlNkO6d9H6g+G7f9}
{"logTime": "0607/082946", "correlationVector":"0JObsFGlNkO6d9H6g+G7f9.1","action":"SyncServerConnectionManagerRequest", "result":"SYNC_SERVER_OK", "context":{"environment":"Prod_southeastasia_prod-s01-064-apac-southeastasia", "migrationStage":"NotStarted", "server":"akswtt001000001"}}
{"logTime": "0607/082946", "correlationVector":"0JObsFGlNkO6d9H6g+G7f9.2","action":"ProcessGetUpdates", "result":"Done", "context":{"dataType":"Passwords", "deleted":"0", "process_failed_to_decrypt":"0", "process_pending_decryption":"0", "process_success":"2", "total":"2"}}
{"logTime": "0607/082946", "correlationVector":"0JObsFGlNkO6d9H6g+G7f9.3","action":"GetUpdates Response", "result":"Success", "context":Received 2 update(s). cV=0JObsFGlNkO6d9H6g+G7f9.0;server=akswtt001000001;cloudType=Consumer;environment=Prod_southeastasia_prod-s01-064-apac-southeastasia;migrationStage=NotStarted}
{"logTime": "0607/082946", "correlationVector":"tDE4i3jVrJ1R0c3u31F8ct","action":"Normal GetUpdate request", "result":"", "context":cV=tDE4i3jVrJ1R0c3u31F8ct
Nudged types: Sessions, Device Info, History
Refresh requested types: Bookmarks, Preferences, Passwords, Autofill Profiles, Autofill, Extensions, Sessions, Extension settings, History Delete Directives, Device Info, User Consents, Send Tab To Self, Web Apps, History, Saved Tab Group, WebAuthn Credentials, Edge E Drop, Edge Hub App Usage, Edge Wallet, Edge Workspace, Encryption Keys}
{"logTime": "0607/082946", "correlationVector":"tDE4i3jVrJ1R0c3u31F8ct.1","action":"SyncServerConnectionManagerRequest", "result":"SYNC_SERVER_OK", "context":{"environment":"Prod_southeastasia_prod-s01-064-apac-southeastasia", "migrationStage":"NotStarted", "server":"akswtt00100001z"}}
{"logTime": "0607/082946", "correlationVector":"tDE4i3jVrJ1R0c3u31F8ct.2","action":"ProcessGetUpdates", "result":"Done", "context":{"dataType":"Preferences", "deleted":"0", "process_failed_to_decrypt":"0", "process_pending_decryption":"0", "process_success":"2", "total":"2"}}
{"logTime": "0607/082946", "correlationVector":"tDE4i3jVrJ1R0c3u31F8ct.3","action":"ProcessGetUpdates", "result":"Done", "context":{"dataType":"Autofill Profiles", "deleted":"1", "process_failed_to_decrypt":"0", "process_pending_decryption":"0", "process_success":"1", "total":"1"}}
{"logTime": "0607/082946", "correlationVector":"tDE4i3jVrJ1R0c3u31F8ct.4","action":"ProcessGetUpdates", "result":"Done", "context":{"dataType":"Sessions", "deleted":"9", "process_failed_to_decrypt":"0", "process_pending_decryption":"0", "process_success":"18", "total":"18"}}
{"logTime": "0607/082946", "correlationVector":"tDE4i3jVrJ1R0c3u31F8ct.5","action":"ProcessGetUpdates", "result":"Done", "context":{"dataType":"Device Info", "deleted":"0", "process_failed_to_decrypt":"0", "process_pending_decryption":"0", "process_success":"2", "total":"2"}}
{"logTime": "0607/082946", "correlationVector":"tDE4i3jVrJ1R0c3u31F8ct.6","action":"ProcessGetUpdates", "result":"Done", "context":{"dataType":"History", "deleted":"0", "process_failed_to_decrypt":"0", "process_pending_decryption":"0", "process_success":"10", "total":"10"}}
{"logTime": "0607/082946", "correlationVector":"tDE4i3jVrJ1R0c3u31F8ct.7","action":"GetUpdates Response", "result":"Success", "context":Received 33 update(s). cV=tDE4i3jVrJ1R0c3u31F8ct.0;server=akswtt00100001z;cloudType=Consumer;environment=Prod_southeastasia_prod-s01-064-apac-southeastasia;migrationStage=NotStarted}
{"logTime": "0607/082946", "correlationVector":"Eij8O9p94gXQCVKW/hIkfb","action":"Commit Request", "result":"", "context":Item count: 1
Contributing types: History}
{"logTime": "0607/082946", "correlationVector":"Eij8O9p94gXQCVKW/hIkfb.1","action":"SyncServerConnectionManagerRequest", "result":"SYNC_SERVER_OK", "context":{"environment":"Prod_southeastasia_prod-s01-064-apac-southeastasia", "migrationStage":"NotStarted", "server":"akswtt00100001v"}}
{"logTime": "0607/082946", "correlationVector":"Eij8O9p94gXQCVKW/hIkfb.2","action":"Commit Response", "result":"Success", "context":Result: Success. cV=Eij8O9p94gXQCVKW/hIkfb.0;server=akswtt00100001v;cloudType=Consumer;environment=Prod_southeastasia_prod-s01-064-apac-southeastasia;migrationStage=NotStarted}
{"logTime": "0607/082946", "correlationVector":"1q5GJ3i6HvTgTI8lwg7pko","action":"Poll GetUpdate request", "result":"", "context":cV=1q5GJ3i6HvTgTI8lwg7pko}
{"logTime": "0607/082947", "correlationVector":"1q5GJ3i6HvTgTI8lwg7pko.1","action":"SyncServerConnectionManagerRequest", "result":"SYNC_SERVER_OK", "context":{"environment":"Prod_southeastasia_prod-s01-064-apac-southeastasia", "migrationStage":"NotStarted", "server":"akswtt001000025"}}
{"logTime": "0607/082947", "correlationVector":"1q5GJ3i6HvTgTI8lwg7pko.2","action":"ProcessGetUpdates", "result":"Done", "context":{"dataType":"History", "deleted":"0", "process_failed_to_decrypt":"0", "process_pending_decryption":"0", "process_success":"1", "total":"1"}}
{"logTime": "0607/082947", "correlationVector":"1q5GJ3i6HvTgTI8lwg7pko.3","action":"GetUpdates Response", "result":"Success", "context":Received 1 update(s). cV=1q5GJ3i6HvTgTI8lwg7pko.0;server=akswtt001000025;cloudType=Consumer;environment=Prod_southeastasia_prod-s01-064-apac-southeastasia;migrationStage=NotStarted}
{"logTime": "0607/083050", "correlationVector":"d2MGP88BioOVp0jc1gBbLp","action":"Commit Request", "result":"", "context":Item count: 5
Contributing types: Sessions, History}
{"logTime": "0607/083051", "correlationVector":"d2MGP88BioOVp0jc1gBbLp.1","action":"SyncServerConnectionManagerRequest", "result":"SYNC_SERVER_OK", "context":{"environment":"Prod_southeastasia_prod-s01-064-apac-southeastasia", "migrationStage":"NotStarted", "server":"akswtt00100001u"}}
{"logTime": "0608/072032", "correlationVector":"SLqmQWhxR1gyjurWOGMbuf.1","action":"SyncServerConnectionManagerRequest", "result":"SYNC_SERVER_OK", "context":{"environment":"Prod_southeastasia_prod-s01-064-apac-southeastasia", "migrationStage":"NotStarted", "server":"akswtt00100000a"}}
{"logTime": "0608/072032", "correlationVector":"SLqmQWhxR1gyjurWOGMbuf.2","action":"ProcessGetUpdates", "result":"Done", "context":{"dataType":"Encryption Keys", "deleted":"0", "process_failed_to_decrypt":"0", "process_pending_decryption":"0", "process_success":"1", "total":"1"}}
{"logTime": "0608/072032", "correlationVector":"Bgs/usVEX0LnMw9Kd4lFWO","action":"SyncServerConnectionManagerRequest", "result":"SYNC_SERVER_OK", "context":{"environment":"", "migrationStage":"", "server":""}}
{"logTime": "0608/072032", "correlationVector":"Bgs/usVEX0LnMw9Kd4lFWO.0","action":"EncryptionKeysFetcher.DownloadKeys:", "result":"Success", "context":Key count: 3, Last key timestamp: 2026-01-13T16:27:18Z}
{"logTime": "0608/072033", "correlationVector":"Bgs/usVEX0LnMw9Kd4lFWO.1","action":"EncryptionKeysManager::SetEncryptionKeys:", "result":"Success", "context":Key names[3]:[kAap4Dmh8L+fuJjrbxmhIUbMrINlbeOV0BppJ0ZcN3z+jQs5A4lRlJWE4kfi0GGue5YCerfNgtg0RyH38Z/7gA==][bK0Akd1Lio46hav9qngGvDurCEzmFb8C6N7GXq6N6YrHE5JXUspxF6K1rvySNRVnmCbK8IvrLlNl5NgjasiYwQ==][miXerPSZVDg7F77ol/766dYwzN6N4IEEsR12DCDm78zxHexNwBkJT6qikYeXTgZVqGf+oDag/Rj4Iu0ievx65w==]}
{"logTime": "0608/072033", "correlationVector":"Bgs/usVEX0LnMw9Kd4lFWO.2","action":"EncryptionKeysManager::SetEncryptionKeysWithTimestamps:", "result":"Success", "context":Key timestamps[3]:[2024-07-21T12:02:03Z][2025-02-23T08:47:09Z][2026-01-13T16:27:18Z]}
{"logTime": "0608/072033", "correlationVector":"SLqmQWhxR1gyjurWOGMbuf","action":"Initial GetUpdates", "result":"", "context":Reason: NEW_CLIENT. cV=SLqmQWhxR1gyjurWOGMbuf}
{"logTime": "0608/072033", "correlationVector":"SLqmQWhxR1gyjurWOGMbuf.3","action":"GetUpdates Response", "result":"Success", "context":Received 1 update(s). cV=SLqmQWhxR1gyjurWOGMbuf.0;server=akswtt00100000a;cloudType=Consumer;environment=Prod_southeastasia_prod-s01-064-apac-southeastasia;migrationStage=NotStarted}
{"logTime": "0608/072033", "correlationVector":"UPCxIV1PELgNbcgl2FIBlO","action":"Initial GetUpdates", "result":"", "context":Reason: NEWLY_SUPPORTED_DATATYPE. cV=UPCxIV1PELgNbcgl2FIBlO}
{"logTime": "0608/072033", "correlationVector":"UPCxIV1PELgNbcgl2FIBlO.1","action":"SyncServerConnectionManagerRequest", "result":"SYNC_SERVER_OK", "context":{"environment":"Prod_southeastasia_prod-s01-064-apac-southeastasia", "migrationStage":"NotStarted", "server":"akswtt001000001"}}
{"logTime": "0608/072033", "correlationVector":"UPCxIV1PELgNbcgl2FIBlO.2","action":"ProcessGetUpdates", "result":"Done", "context":{"dataType":"Preferences", "deleted":"1", "process_failed_to_decrypt":"0", "process_pending_decryption":"0", "process_success":"80", "total":"80"}}
{"logTime": "0608/072033", "correlationVector":"UPCxIV1PELgNbcgl2FIBlO.3","action":"ProcessGetUpdates", "result":"Done", "context":{"dataType":"Passwords", "deleted":"0", "process_failed_to_decrypt":"0", "process_pending_decryption":"0", "process_success":"2", "total":"2"}}
{"logTime": "0608/072033", "correlationVector":"UPCxIV1PELgNbcgl2FIBlO.4","action":"ProcessGetUpdates", "result":"Done", "context":{"dataType":"Device Info", "deleted":"0", "process_failed_to_decrypt":"0", "process_pending_decryption":"0", "process_success":"8", "total":"8"}}
{"logTime": "0608/072033", "correlationVector":"UPCxIV1PELgNbcgl2FIBlO.5","action":"GetUpdates Response", "result":"Success", "context":Received 90 update(s). cV=UPCxIV1PELgNbcgl2FIBlO.0;server=akswtt001000001;cloudType=Consumer;environment=Prod_southeastasia_prod-s01-064-apac-southeastasia;migrationStage=NotStarted}
{"logTime": "0608/072033", "correlationVector":"bBowGWWXxz17as1hR8AEu+","action":"Initial GetUpdates", "result":"", "context":Reason: NEWLY_SUPPORTED_DATATYPE. cV=bBowGWWXxz17as1hR8AEu+}
{"logTime": "0608/072039", "correlationVector":"bBowGWWXxz17as1hR8AEu+.1","action":"SyncServerConnectionManagerRequest", "result":"SYNC_SERVER_OK", "context":{"environment":"Prod_southeastasia_prod-s01-065-apac-southeastasia", "migrationStage":"NotStarted", "server":"akswtt00100001k"}}
{"logTime": "0608/072039", "correlationVector":"bBowGWWXxz17as1hR8AEu+.2","action":"ProcessGetUpdates", "result":"Done", "context":{"dataType":"Bookmarks", "deleted":"0", "process_failed_to_decrypt":"0", "process_pending_decryption":"0", "process_success":"73", "total":"73"}}
{"logTime": "0608/072039", "correlationVector":"bBowGWWXxz17as1hR8AEu+.3","action":"GetUpdates Response", "result":"Success", "context":Received 73 update(s). cV=bBowGWWXxz17as1hR8AEu+.0;server=akswtt00100001k;cloudType=Consumer;environment=Prod_southeastasia_prod-s01-065-apac-southeastasia;migrationStage=NotStarted}
{"logTime": "0608/072039", "correlationVector":"zk4duA2Obefp8xRtp15Xz9","action":"Initial GetUpdates", "result":"", "context":Reason: NEWLY_SUPPORTED_DATATYPE. cV=zk4duA2Obefp8xRtp15Xz9}
{"logTime": "0608/072039", "correlationVector":"zk4duA2Obefp8xRtp15Xz9.1","action":"SyncServerConnectionManagerRequest", "result":"SYNC_SERVER_OK", "context":{"environment":"Prod_southeastasia_prod-s01-064-apac-southeastasia", "migrationStage":"NotStarted", "server":"akswtt00100000a"}}
{"logTime": "0608/072039", "correlationVector":"zk4duA2Obefp8xRtp15Xz9.2","action":"ProcessGetUpdates", "result":"Done", "context":{"dataType":"Autofill Profiles", "deleted":"23", "process_failed_to_decrypt":"0", "process_pending_decryption":"0", "process_success":"25", "total":"25"}}
{"logTime": "0608/072039", "correlationVector":"zk4duA2Obefp8xRtp15Xz9.3","action":"ProcessGetUpdates", "result":"Done", "context":{"dataType":"Autofill", "deleted":"0", "process_failed_to_decrypt":"0", "process_pending_decryption":"0", "process_success":"108", "total":"108"}}
{"logTime": "0608/072039", "correlationVector":"zk4duA2Obefp8xRtp15Xz9.4","action":"ProcessGetUpdates", "result":"Done", "context":{"dataType":"Extensions", "deleted":"0", "process_failed_to_decrypt":"0", "process_pending_decryption":"0", "process_success":"3", "total":"3"}}
{"logTime": "0608/072039", "correlationVector":"zk4duA2Obefp8xRtp15Xz9.5","action":"ProcessGetUpdates", "result":"Done", "context":{"dataType":"Sessions", "deleted":"36", "process_failed_to_decrypt":"0", "process_pending_decryption":"0", "process_success":"60", "total":"60"}}
{"logTime": "0608/072039", "correlationVector":"zk4duA2Obefp8xRtp15Xz9.6","action":"ProcessGetUpdates", "result":"Done", "context":{"dataType":"Extension settings", "deleted":"0", "process_failed_to_decrypt":"0", "process_pending_decryption":"0", "process_success":"12", "total":"12"}}
{"logTime": "0608/072039", "correlationVector":"zk4duA2Obefp8xRtp15Xz9.7","action":"ProcessGetUpdates", "result":"Done", "context":{"dataType":"Saved Tab Group", "deleted":"0", "process_failed_to_decrypt":"0", "process_pending_decryption":"0", "process_success":"3", "total":"3"}}
{"logTime": "0608/072039", "correlationVector":"zk4duA2Obefp8xRtp15Xz9.8","action":"ProcessGetUpdates", "result":"Done", "context":{"dataType":"Edge Hub App Usage", "deleted":"0", "process_failed_to_decrypt":"0", "process_pending_decryption":"0", "process_success":"1", "total":"1"}}
{"logTime": "0608/072039", "correlationVector":"zk4duA2Obefp8xRtp15Xz9.9","action":"ProcessGetUpdates", "result":"Done", "context":{"dataType":"Edge Workspace", "deleted":"0", "process_failed_to_decrypt":"0", "process_pending_decryption":"0", "process_success":"4", "total":"4"}}
{"logTime": "0608/072039", "correlationVector":"zk4duA2Obefp8xRtp15Xz9.10","action":"GetUpdates Response", "result":"Success", "context":Received 216 update(s). cV=zk4duA2Obefp8xRtp15Xz9.0;server=akswtt00100000a;cloudType=Consumer;environment=Prod_southeastasia_prod-s01-064-apac-southeastasia;migrationStage=NotStarted}
{"logTime": "0608/072039", "correlationVector":"F63cwSRGw20dXpSbUCBy+M","action":"Initial GetUpdates", "result":"", "context":Reason: NEWLY_SUPPORTED_DATATYPE. cV=F63cwSRGw20dXpSbUCBy+M}
{"logTime": "0608/072039", "correlationVector":"F63cwSRGw20dXpSbUCBy+M.1","action":"SyncServerConnectionManagerRequest", "result":"SYNC_SERVER_OK", "context":{"environment":"Prod_southeastasia_prod-s01-064-apac-southeastasia", "migrationStage":"NotStarted", "server":"akswtt001000013"}}
{"logTime": "0608/072039", "correlationVector":"F63cwSRGw20dXpSbUCBy+M.2","action":"ProcessGetUpdates", "result":"Done", "context":{"dataType":"History", "deleted":"0", "process_failed_to_decrypt":"0", "process_pending_decryption":"0", "process_success":"67", "total":"67"}}
{"logTime": "0608/072039", "correlationVector":"F63cwSRGw20dXpSbUCBy+M.3","action":"GetUpdates Response", "result":"Success", "context":Received 67 update(s). cV=F63cwSRGw20dXpSbUCBy+M.0;server=akswtt001000013;cloudType=Consumer;environment=Prod_southeastasia_prod-s01-064-apac-southeastasia;migrationStage=NotStarted}
{"logTime": "0608/072039", "correlationVector":"WAVvOmieb/Fnhdbnp2obW5","action":"Normal GetUpdate request", "result":"", "context":cV=WAVvOmieb/Fnhdbnp2obW5
Nudged types: Sessions, Device Info
Refresh requested types: Bookmarks, Preferences, Passwords, Autofill Profiles, Autofill, Extensions, Sessions, Extension settings, History Delete Directives, Device Info, User Consents, Send Tab To Self, Web Apps, History, Saved Tab Group, WebAuthn Credentials, Edge E Drop, Edge Hub App Usage, Edge Wallet, Edge Workspace, Encryption Keys}
{"logTime": "0608/072039", "correlationVector":"WAVvOmieb/Fnhdbnp2obW5.1","action":"SyncServerConnectionManagerRequest", "result":"SYNC_SERVER_OK", "context":{"environment":"Prod_southeastasia_prod-s01-064-apac-southeastasia", "migrationStage":"NotStarted", "server":"akswtt00100001q"}}
{"logTime": "0608/072039", "correlationVector":"WAVvOmieb/Fnhdbnp2obW5.2","action":"GetUpdates Response", "result":"Success", "context":Received 0 update(s). cV=WAVvOmieb/Fnhdbnp2obW5.0;server=akswtt00100001q;cloudType=Consumer;environment=Prod_southeastasia_prod-s01-064-apac-southeastasia;migrationStage=NotStarted}
{"logTime": "0608/072039", "correlationVector":"mbMGwgUp7SGlWHuH4YwHck","action":"Commit Request", "result":"", "context":Item count: 6
Contributing types: Sessions, Device Info}
{"logTime": "0608/072040", "correlationVector":"mbMGwgUp7SGlWHuH4YwHck.1","action":"SyncServerConnectionManagerRequest", "result":"SYNC_SERVER_OK", "context":{"environment":"Prod_southeastasia_prod-s01-064-apac-southeastasia", "migrationStage":"NotStarted", "server":"akswtt001000026"}}
{"logTime": "0608/072040", "correlationVector":"mbMGwgUp7SGlWHuH4YwHck.2","action":"Commit Response", "result":"Success", "context":Result: Success. cV=mbMGwgUp7SGlWHuH4YwHck.0;server=akswtt001000026;cloudType=Consumer;environment=Prod_southeastasia_prod-s01-064-apac-southeastasia;migrationStage=NotStarted}
{"logTime": "0608/072040", "correlationVector":"zP9WAbFge4N6d88vDcxbZ8","action":"Poll GetUpdate request", "result":"", "context":cV=zP9WAbFge4N6d88vDcxbZ8}
{"logTime": "0608/072040", "correlationVector":"zP9WAbFge4N6d88vDcxbZ8.1","action":"SyncServerConnectionManagerRequest", "result":"SYNC_SERVER_OK", "context":{"environment":"Prod_southeastasia_prod-s01-064-apac-southeastasia", "migrationStage":"NotStarted", "server":"akswtt001000001"}}
{"logTime": "0608/072040", "correlationVector":"zP9WAbFge4N6d88vDcxbZ8.2","action":"ProcessGetUpdates", "result":"Done", "context":{"dataType":"Sessions", "deleted":"0", "process_failed_to_decrypt":"0", "process_pending_decryption":"0", "process_success":"5", "total":"5"}}
{"logTime": "0608/072040", "correlationVector":"zP9WAbFge4N6d88vDcxbZ8.3","action":"ProcessGetUpdates", "result":"Done", "context":{"dataType":"Device Info", "deleted":"0", "process_failed_to_decrypt":"0", "process_pending_decryption":"0", "process_success":"1", "total":"1"}}
{"logTime": "0608/072040", "correlationVector":"zP9WAbFge4N6d88vDcxbZ8.4","action":"GetUpdates Response", "result":"Success", "context":Received 6 update(s). cV=zP9WAbFge4N6d88vDcxbZ8.0;server=akswtt001000001;cloudType=Consumer;environment=Prod_southeastasia_prod-s01-064-apac-southeastasia;migrationStage=NotStarted}
{"logTime": "0608/072140", "correlationVector":"c7H+jlpjOjB1PpNIOQ+a3F","action":"Commit Request", "result":"", "context":Item count: 6
Contributing types: Sessions, Device Info, History}
{"logTime": "0608/072141", "correlationVector":"c7H+jlpjOjB1PpNIOQ+a3F.1","action":"SyncServerConnectionManagerRequest", "result":"SYNC_SERVER_OK", "context":{"environment":"Prod_southeastasia_prod-s01-064-apac-southeastasia", "migrationStage":"NotStarted", "server":"akswtt001000027"}}
{"logTime": "0608/072141", "correlationVector":"c7H+jlpjOjB1PpNIOQ+a3F.2","action":"Commit Response", "result":"Success", "context":Result: Success. cV=c7H+jlpjOjB1PpNIOQ+a3F.0;server=akswtt001000027;cloudType=Consumer;environment=Prod_southeastasia_prod-s01-064-apac-southeastasia;migrationStage=NotStarted}
{"logTime": "0608/072427", "correlationVector":"kxXuxH1ySJJcvV+Ojxjjug.1","action":"SyncServerConnectionManagerRequest", "result":"SYNC_SERVER_OK", "context":{"environment":"Prod_southeastasia_prod-s01-065-apac-southeastasia", "migrationStage":"NotStarted", "server":"akswtt001000009"}}
{"logTime": "0608/072427", "correlationVector":"kxXuxH1ySJJcvV+Ojxjjug.2","action":"ProcessGetUpdates", "result":"Done", "context":{"dataType":"Encryption Keys", "deleted":"0", "process_failed_to_decrypt":"0", "process_pending_decryption":"0", "process_success":"1", "total":"1"}}
{"logTime": "0608/072428", "correlationVector":"mOoagalHD6xooUF18Z27Ky","action":"SyncServerConnectionManagerRequest", "result":"SYNC_SERVER_OK", "context":{"environment":"", "migrationStage":"", "server":""}}
{"logTime": "0608/072428", "correlationVector":"mOoagalHD6xooUF18Z27Ky.0","action":"EncryptionKeysFetcher.DownloadKeys:", "result":"Success", "context":Key count: 3, Last key timestamp: 2026-01-13T16:27:18Z}
{"logTime": "0608/072428", "correlationVector":"mOoagalHD6xooUF18Z27Ky.1","action":"EncryptionKeysManager::SetEncryptionKeys:", "result":"Success", "context":Key names[3]:[kAap4Dmh8L+fuJjrbxmhIUbMrINlbeOV0BppJ0ZcN3z+jQs5A4lRlJWE4kfi0GGue5YCerfNgtg0RyH38Z/7gA==][bK0Akd1Lio46hav9qngGvDurCEzmFb8C6N7GXq6N6YrHE5JXUspxF6K1rvySNRVnmCbK8IvrLlNl5NgjasiYwQ==][miXerPSZVDg7F77ol/766dYwzN6N4IEEsR12DCDm78zxHexNwBkJT6qikYeXTgZVqGf+oDag/Rj4Iu0ievx65w==]}
{"logTime": "0608/072428", "correlationVector":"mOoagalHD6xooUF18Z27Ky.2","action":"EncryptionKeysManager::SetEncryptionKeysWithTimestamps:", "result":"Success", "context":Key timestamps[3]:[2024-07-21T12:02:03Z][2025-02-23T08:47:09Z][2026-01-13T16:27:18Z]}
{"logTime": "0608/072428", "correlationVector":"kxXuxH1ySJJcvV+Ojxjjug","action":"Initial GetUpdates", "result":"", "context":Reason: NEW_CLIENT. cV=kxXuxH1ySJJcvV+Ojxjjug}
{"logTime": "0608/072428", "correlationVector":"kxXuxH1ySJJcvV+Ojxjjug.3","action":"GetUpdates Response", "result":"Success", "context":Received 1 update(s). cV=kxXuxH1ySJJcvV+Ojxjjug.0;server=akswtt001000009;cloudType=Consumer;environment=Prod_southeastasia_prod-s01-065-apac-southeastasia;migrationStage=NotStarted}
{"logTime": "0608/072428", "correlationVector":"63K2rqjDhBD7ZyFOJHzsw1","action":"Initial GetUpdates", "result":"", "context":Reason: NEWLY_SUPPORTED_DATATYPE. cV=63K2rqjDhBD7ZyFOJHzsw1}
{"logTime": "0608/072433", "correlationVector":"63K2rqjDhBD7ZyFOJHzsw1.1","action":"SyncServerConnectionManagerRequest", "result":"SYNC_SERVER_OK", "context":{"environment":"Prod_southeastasia_prod-s01-065-apac-southeastasia", "migrationStage":"NotStarted", "server":"akswtt00100000n"}}
{"logTime": "0608/072433", "correlationVector":"63K2rqjDhBD7ZyFOJHzsw1.2","action":"ProcessGetUpdates", "result":"Done", "context":{"dataType":"Passwords", "deleted":"0", "process_failed_to_decrypt":"0", "process_pending_decryption":"0", "process_success":"2", "total":"2"}}
{"logTime": "0608/072433", "correlationVector":"63K2rqjDhBD7ZyFOJHzsw1.3","action":"GetUpdates Response", "result":"Success", "context":Received 2 update(s). cV=63K2rqjDhBD7ZyFOJHzsw1.0;server=akswtt00100000n;cloudType=Consumer;environment=Prod_southeastasia_prod-s01-065-apac-southeastasia;migrationStage=NotStarted}
{"logTime": "0608/072433", "correlationVector":"SohWy74nRAWlgmsBS7lQVl","action":"Normal GetUpdate request", "result":"", "context":cV=SohWy74nRAWlgmsBS7lQVl
Nudged types: Sessions, Device Info, History
Refresh requested types: Bookmarks, Preferences, Passwords, Autofill Profiles, Autofill, Extensions, Sessions, Extension settings, History Delete Directives, Device Info, User Consents, Send Tab To Self, Web Apps, History, Saved Tab Group, WebAuthn Credentials, Edge E Drop, Edge Hub App Usage, Edge Wallet, Edge Workspace, Encryption Keys}
{"logTime": "0608/072436", "correlationVector":"SohWy74nRAWlgmsBS7lQVl.1","action":"SyncServerConnectionManagerRequest", "result":"SYNC_SERVER_OK", "context":{"environment":"Prod_southeastasia_prod-s01-065-apac-southeastasia", "migrationStage":"NotStarted", "server":"akswtt001000014"}}
{"logTime": "0608/072436", "correlationVector":"SohWy74nRAWlgmsBS7lQVl.2","action":"ProcessGetUpdates", "result":"Done", "context":{"dataType":"Sessions", "deleted":"0", "process_failed_to_decrypt":"0", "process_pending_decryption":"0", "process_success":"4", "total":"4"}}
{"logTime": "0608/072436", "correlationVector":"SohWy74nRAWlgmsBS7lQVl.3","action":"ProcessGetUpdates", "result":"Done", "context":{"dataType":"Device Info", "deleted":"0", "process_failed_to_decrypt":"0", "process_pending_decryption":"0", "process_success":"1", "total":"1"}}
{"logTime": "0608/072436", "correlationVector":"SohWy74nRAWlgmsBS7lQVl.4","action":"ProcessGetUpdates", "result":"Done", "context":{"dataType":"History", "deleted":"0", "process_failed_to_decrypt":"0", "process_pending_decryption":"0", "process_success":"1", "total":"1"}}
{"logTime": "0608/072436", "correlationVector":"SohWy74nRAWlgmsBS7lQVl.5","action":"GetUpdates Response", "result":"Success", "context":Received 6 update(s). cV=SohWy74nRAWlgmsBS7lQVl.0;server=akswtt001000014;cloudType=Consumer;environment=Prod_southeastasia_prod-s01-065-apac-southeastasia;migrationStage=NotStarted}
{"logTime": "0608/072436", "correlationVector":"IbilzoVmPKPH+ly3T2KSDa","action":"Commit Request", "result":"", "context":Item count: 11
Contributing types: Sessions, Device Info, History}
{"logTime": "0608/072443", "correlationVector":"IbilzoVmPKPH+ly3T2KSDa.1","action":"SyncServerConnectionManagerRequest", "result":"SYNC_SERVER_OK", "context":{"environment":"Prod_southeastasia_prod-s01-065-apac-southeastasia", "migrationStage":"NotStarted", "server":"akswtt00100001q"}}
{"logTime": "0608/072443", "correlationVector":"IbilzoVmPKPH+ly3T2KSDa.3","action":"Commit.Sessions", "result":"Success", "context":{"id":"c0a9b4ca-6dc0-4ada-9005-f6d4aea2fe77", "isDeleted":"true", "size":"0", "version":"1780903300710"}}
{"logTime": "0608/072443", "correlationVector":"IbilzoVmPKPH+ly3T2KSDa.2","action":"Commit Response", "result":"Success", "context":Result: Success. cV=IbilzoVmPKPH+ly3T2KSDa.0;server=akswtt00100001q;cloudType=Consumer;environment=Prod_southeastasia_prod-s01-065-apac-southeastasia;migrationStage=NotStarted}
{"logTime": "0608/072443", "correlationVector":"IbilzoVmPKPH+ly3T2KSDa.4","action":"Commit.Sessions", "result":"Success", "context":{"id":"f4849f3c-0028-467b-ac22-91453da21e92", "isDeleted":"true", "size":"0", "version":"1780903300711"}}
{"logTime": "0608/073152", "correlationVector":"kvPksjEO4Sc88FuxLNdarg","action":"Commit Request", "result":"", "context":Item count: 2
Contributing types: Sessions, History}
{"logTime": "0608/073153", "correlationVector":"kvPksjEO4Sc88FuxLNdarg.1","action":"SyncServerConnectionManagerRequest", "result":"SYNC_SERVER_OK", "context":{"environment":"Prod_southeastasia_prod-s01-064-apac-southeastasia", "migrationStage":"NotStarted", "server":"akswtt00100000t"}}
{"logTime": "0608/073153", "correlationVector":"kvPksjEO4Sc88FuxLNdarg.2","action":"Commit Response", "result":"Success", "context":Result: Success. cV=kvPksjEO4Sc88FuxLNdarg.0;server=akswtt00100000t;cloudType=Consumer;environment=Prod_southeastasia_prod-s01-064-apac-southeastasia;migrationStage=NotStarted}
{"logTime": "0608/073153", "correlationVector":"kvPksjEO4Sc88FuxLNdarg.3","action":"Commit.Sessions", "result":"Success", "context":{"id":"c032ffbb-9370-48ff-b90c-4834436c6c88", "isDeleted":"true", "size":"0", "version":"1780903481547"}}
{"logTime": "0608/073515", "correlationVector":"xmXSRzgwS2tUVpYeNOUmyu","action":"Commit Request", "result":"", "context":Item count: 1
Contributing types: Sessions}
{"logTime": "0608/073516", "correlationVector":"xmXSRzgwS2tUVpYeNOUmyu.1","action":"SyncServerConnectionManagerRequest", "result":"SYNC_SERVER_OK", "context":{"environment":"Prod_southindia_prod-s01-004-apac-southindia", "migrationStage":"NotStarted", "server":"akswtt10500002u"}}
{"logTime": "0608/073516", "correlationVector":"xmXSRzgwS2tUVpYeNOUmyu.2","action":"Commit Response", "result":"Success", "context":Result: Success. cV=xmXSRzgwS2tUVpYeNOUmyu.0;server=akswtt10500002u;cloudType=Consumer;environment=Prod_southindia_prod-s01-004-apac-southindia;migrationStage=NotStarted}
